<?xml version="1.0" encoding="UTF-8"?>
<testsuite name="SILab2Test" tests="2" skipped="0" failures="0" errors="0" timestamp="2023-05-30T22:08:09" hostname="BOJAN" time="0.047">
  <properties/>
  <testcase name="everyBranch()" classname="SILab2Test" time="0.039"/>
  <testcase name="multipleCondition()" classname="SILab2Test" time="0.005"/>
  <system-out><![CDATA[]]></system-out>
  <system-err><![CDATA[]]></system-err>
</testsuite>
